[debug] [2020-12-25T11:20:30.350Z] ----------------------------------------------------------------------
[debug] [2020-12-25T11:20:30.351Z] Command:       /usr/local/bin/node /usr/local/bin/firebase init
[debug] [2020-12-25T11:20:30.352Z] CLI Version:   8.17.0
[debug] [2020-12-25T11:20:30.352Z] Platform:      darwin
[debug] [2020-12-25T11:20:30.352Z] Node Version:  v14.15.1
[debug] [2020-12-25T11:20:30.354Z] Time:          Fri Dec 25 2020 16:50:30 GMT+0530 (India Standard Time)
[debug] [2020-12-25T11:20:30.354Z] ----------------------------------------------------------------------
[debug] [2020-12-25T11:20:30.355Z] 
[debug] [2020-12-25T11:20:30.356Z] >>> [apiv2][query] GET https://firebase-public.firebaseio.com/cli.json [none]
[debug] [2020-12-25T11:20:30.372Z] > command requires scopes: ["email","openid","https://www.googleapis.com/auth/cloudplatformprojects.readonly","https://www.googleapis.com/auth/firebase","https://www.googleapis.com/auth/cloud-platform"]
[debug] [2020-12-25T11:20:30.373Z] > authorizing via signed-in user
[info] 
     ######## #### ########  ######## ########     ###     ######  ########
     ##        ##  ##     ## ##       ##     ##  ##   ##  ##       ##
     ######    ##  ########  ######   ########  #########  ######  ######
     ##        ##  ##    ##  ##       ##     ## ##     ##       ## ##
     ##       #### ##     ## ######## ########  ##     ##  ######  ########

You're about to initialize a Firebase project in this directory:

  /Users/tarushj.reddy/Desktop/vuethree/my-app

[debug] [2020-12-25T11:20:31.939Z] <<< [apiv2][status] GET https://firebase-public.firebaseio.com/cli.json 200
[debug] [2020-12-25T11:20:31.939Z] <<< [apiv2][body] GET https://firebase-public.firebaseio.com/cli.json {"cloudBuildErrorAfter":1594252800000,"cloudBuildWarnAfter":1590019200000,"defaultNode10After":1594252800000,"minVersion":"3.0.5","node8DeploysDisabledAfter":1613390400000,"node8RuntimeDisabledAfter":1615809600000,"node8WarnAfter":1600128000000}
